2019-03-24 02:00:47,332 - __main__ - INFO - craw 1: https://baike.baidu.com/item/Python/407313
2019-03-24 02:08:31,473 - __main__ - INFO - craw 2: https://baike.baidu.com/item/wxPython
2019-03-24 02:08:41,394 - __main__ - INFO - craw 3: https://baike.baidu.com/item/MySQLdb
2019-03-24 02:08:42,082 - __main__ - INFO - craw 4: https://baike.baidu.com/item/OpenCV
2019-03-24 02:08:42,910 - __main__ - INFO - craw 5: https://baike.baidu.com/item/SlickEdit
2019-03-24 02:08:43,503 - __main__ - INFO - craw 6: https://baike.baidu.com/item/API/10154
2019-03-24 02:08:44,223 - __main__ - INFO - craw 7: https://baike.baidu.com/item/Python
2019-03-24 02:08:45,786 - __main__ - INFO - craw 8: https://baike.baidu.com/item/EditPlus
2019-03-24 02:08:46,653 - __main__ - INFO - craw 9: https://baike.baidu.com/item/api/5042392#viewPageContent
2019-03-24 02:08:47,323 - __main__ - INFO - craw 10: https://baike.baidu.com/item/HTML
2019-03-24 02:08:48,628 - __main__ - INFO - craw 11: https://baike.baidu.com/item/Wijmo
2019-03-24 02:08:49,441 - __main__ - INFO - craw 12: https://baike.baidu.com/item/Mosaic
2019-03-24 02:08:50,441 - __main__ - INFO - craw 13: https://baike.baidu.com/item/B%2FS%E6%9E%B6%E6%9E%84/1042260
2019-03-24 02:08:51,598 - __main__ - INFO - craw 14: https://baike.baidu.com/item/CSS
2019-03-24 02:08:52,855 - __main__ - INFO - craw 15: https://baike.baidu.com/item/B%2FS%E6%9E%B6%E6%9E%84
2019-03-24 02:08:54,114 - __main__ - INFO - craw 16: https://baike.baidu.com/item/CSS/3786094#viewPageContent
2019-03-24 02:08:54,801 - __main__ - INFO - craw 17: https://baike.baidu.com/item/ASP
2019-03-24 02:08:56,098 - __main__ - INFO - craw 18: https://baike.baidu.com/item/SCADA%E7%B3%BB%E7%BB%9F/10417660
2019-03-24 02:08:57,191 - __main__ - INFO - craw 19: https://baike.baidu.com/item/gif
2019-03-24 02:08:58,505 - __main__ - INFO - craw 20: https://baike.baidu.com/item/GIF?force=1
